<?xml version="1.0" encoding="UTF-8"?>
<!-- Generated by org.testng.reporters.JUnitReportReporter -->
<testsuite hostname="DESKTOP-NGE6TOI" failures="0" tests="3" name="TestNGPack.VerifyFacultyPages" time="5.295" errors="0" timestamp="2025-04-27T12:26:15 IST" skipped="2">
  <testcase classname="TestNGPack.VerifyFacultyPages" name="verifyFacultyPageInfo" time="5.295"/>
  <testcase classname="TestNGPack.VerifyFacultyPages" name="verifyFindYourAccount">
    <skipped/>
  </testcase> <!-- verifyFindYourAccount -->
  <testcase classname="TestNGPack.VerifyFacultyPages" name="verifyHostelForm">
    <skipped/>
  </testcase> <!-- verifyHostelForm -->
</testsuite> <!-- TestNGPack.VerifyFacultyPages -->
